PLINK v1.90b3.46 64-bit (13 Feb 2017)
Options in effect:
  --bfile ADAPTmap_genotypeTOP_20160222_full
  --chr-set 29
  --keep-fam selectedAnimals.txt
  --make-bed
  --out ValdostanaGoats

Hostname: DESKTOP-7ACDK8D
Working directory: c:\analysis\2020_GenomicsBootCamp_Demo
Start time: Mon Mar 06 21:40:21 2023

Random number seed: 1678135221
16143 MB RAM detected; reserving 8071 MB for main workspace.
53347 variants loaded from .bim file.
4653 samples (32 males, 158 females, 4463 ambiguous) loaded from .fam.
Ambiguous sex IDs written to ValdostanaGoats.nosex .
--keep-fam: 24 samples remaining.
Using 1 thread (no multithreaded calculations invoked).
Before main variant filters, 24 founders and 0 nonfounders present.
Calculating allele frequencies... done.
Total genotyping rate in remaining samples is 0.985591.
53347 variants and 24 samples pass filters and QC.
Note: No phenotypes present.
--make-bed to ValdostanaGoats.bed + ValdostanaGoats.bim + ValdostanaGoats.fam
... done.

End time: Mon Mar 06 21:40:21 2023
