PLINK v1.90b3.46 64-bit (13 Feb 2017)
Options in effect:
  --bfile ADAPTmap_genotypeTOP_20160222_full
  --chr-set 29
  --keep-fam selectedAnimals.txt
  --make-bed
  --out MaasaiGoats

Hostname: DESKTOP-7ACDK8D
Working directory: c:\analysis\2020_GenomicsBootCamp_Demo
Start time: Mon Mar 06 21:46:57 2023

Random number seed: 1678135617
16143 MB RAM detected; reserving 8071 MB for main workspace.
53347 variants loaded from .bim file.
4653 samples (32 males, 158 females, 4463 ambiguous) loaded from .fam.
Ambiguous sex IDs written to MaasaiGoats.nosex .
--keep-fam: 20 samples remaining.
Using 1 thread (no multithreaded calculations invoked).
Before main variant filters, 20 founders and 0 nonfounders present.
Calculating allele frequencies... done.
Total genotyping rate in remaining samples is 0.969968.
53347 variants and 20 samples pass filters and QC.
Note: No phenotypes present.
--make-bed to MaasaiGoats.bed + MaasaiGoats.bim + MaasaiGoats.fam ... done.

End time: Mon Mar 06 21:46:57 2023
